<?xml version="1.0" encoding="UTF-8"?>
<testng-results skipped="0" failed="0" ignored="0" total="1" passed="1">
  <reporter-output>
  </reporter-output>
  <suite name="Default suite" duration-ms="10695" started-at="2020-05-04T16:10:10 MDT" finished-at="2020-05-04T16:10:20 MDT">
    <groups>
      <group name="cucumber">
        <method signature="AdPortal_LogIn_001_TestRunner.feature(cucumber.api.testng.CucumberFeatureWrapper)[pri:0, instance:adPortalUATTestRunner.AdPortal_LogIn_001_TestRunner@3ffcd140]" name="feature" class="adPortalUATTestRunner.AdPortal_LogIn_001_TestRunner"/>
      </group> <!-- cucumber -->
    </groups>
    <test name="Default test" duration-ms="10695" started-at="2020-05-04T16:10:10 MDT" finished-at="2020-05-04T16:10:20 MDT">
      <class name="adPortalUATTestRunner.AdPortal_LogIn_001_TestRunner">
        <test-method status="PASS" signature="setUpClass()[pri:0, instance:adPortalUATTestRunner.AdPortal_LogIn_001_TestRunner@3ffcd140]" name="setUpClass" is-config="true" duration-ms="170" started-at="2020-05-04T16:10:10 MDT" finished-at="2020-05-04T16:10:10 MDT">
          <reporter-output>
          </reporter-output>
        </test-method> <!-- setUpClass -->
        <test-method status="PASS" signature="feature(cucumber.api.testng.CucumberFeatureWrapper)[pri:0, instance:adPortalUATTestRunner.AdPortal_LogIn_001_TestRunner@3ffcd140]" name="feature" duration-ms="10115" started-at="2020-05-04T16:10:10 MDT" description="Runs cucmber Features" data-provider="features" finished-at="2020-05-04T16:10:20 MDT">
          <params>
            <param index="0">
              <value>
                <![CDATA[AdPortal UAT log in]]>
              </value>
            </param>
          </params>
          <reporter-output>
          </reporter-output>
        </test-method> <!-- feature -->
        <test-method status="PASS" signature="testDownClass()[pri:0, instance:adPortalUATTestRunner.AdPortal_LogIn_001_TestRunner@3ffcd140]" name="testDownClass" is-config="true" duration-ms="340" started-at="2020-05-04T16:10:20 MDT" finished-at="2020-05-04T16:10:20 MDT">
          <reporter-output>
          </reporter-output>
        </test-method> <!-- testDownClass -->
      </class> <!-- adPortalUATTestRunner.AdPortal_LogIn_001_TestRunner -->
    </test> <!-- Default test -->
  </suite> <!-- Default suite -->
</testng-results>
