<?xml version="1.0" encoding="UTF-8"?>
<!-- Generated by org.testng.reporters.JUnitXMLReporter -->
<testsuite hostname="SR-C02ZM0XQLVDQ" ignored="0" name="AdPortal Regression Test" tests="6" failures="0" timestamp="2020-04-27T10:25:09 MDT" time="177.608" errors="0">
  <testcase name="feature" time="87.073" classname="cucmberTestNGTestRunner.RegressionTestRunner"/>
  <testcase name="feature" time="6.873" classname="cucmberTestNGTestRunner.RegressionTestRunner"/>
  <testcase name="feature" time="25.304" classname="cucmberTestNGTestRunner.RegressionTestRunner"/>
  <testcase name="feature" time="32.297" classname="cucmberTestNGTestRunner.RegressionTestRunner"/>
  <testcase name="feature" time="6.893" classname="cucmberTestNGTestRunner.RegressionTestRunner"/>
  <testcase name="feature" time="18.524" classname="cucmberTestNGTestRunner.RegressionTestRunner"/>
</testsuite> <!-- AdPortal Regression Test -->
