<?xml version="1.0" encoding="UTF-8"?>
<!-- Generated by org.testng.reporters.JUnitXMLReporter -->
<testsuite hostname="SR-C02ZM0XQLVDQ" ignored="0" name="Test" tests="2" failures="0" timestamp="2020-03-23T17:22:49 MDT" time="30.33" errors="0">
  <testcase name="feature" time="12.358" classname="cucmberTestNGTestRunner.AdPortal_SSU_LogIn_SignUp_001_TestRunner"/>
  <testcase name="feature" time="17.695" classname="cucmberTestNGTestRunner.Adportal_LogIn_001_TestRunner"/>
</testsuite> <!-- Test -->
